<?xml version="1.0" encoding="UTF-8"?>
<!-- Generated by org.testng.reporters.JUnitXMLReporter -->
<testsuite hostname="INENKAKARCL1C" ignored="0" name="Default test" tests="8" failures="0" timestamp="23 Oct 2018 15:36:32 GMT" time="57.207" errors="0">
  <testcase name="createSignUp" time="8.059" classname="com.CognitiveScale.SignUpTest"/>
  <testcase name="createSignUp" time="7.848" classname="com.CognitiveScale.SignUpTest"/>
  <testcase name="createSignUp" time="8.559" classname="com.CognitiveScale.SignUpTest"/>
  <testcase name="createSignUp" time="7.522" classname="com.CognitiveScale.SignUpTest"/>
  <testcase name="createSignUp" time="2.843" classname="com.CognitiveScale.SignUpTest"/>
  <testcase name="createSignUp" time="2.573" classname="com.CognitiveScale.SignUpTest"/>
  <testcase name="createSignUp" time="2.567" classname="com.CognitiveScale.SignUpTest"/>
  <testcase name="createSignUp" time="4.373" classname="com.CognitiveScale.SignUpTest"/>
</testsuite> <!-- Default test -->
