<?xml version="1.0" encoding="UTF-8"?>
<!-- Generated by org.testng.reporters.JUnitXMLReporter -->
<testsuite hostname="INENKAKARCL1C" ignored="0" name="Default test" tests="5" failures="0" timestamp="08 Nov 2018 07:25:39 GMT" time="13.762" errors="0">
  <testcase name="fetchBranchName" time="4.369" classname="APITest.GitRepoTest"/>
  <testcase name="fetchBranchData" time="2.257" classname="APITest.GitRepoTest"/>
  <testcase name="fetchBranchData" time="2.052" classname="APITest.GitRepoTest"/>
  <testcase name="fetchBranchData" time="2.126" classname="APITest.GitRepoTest"/>
  <testcase name="fetchBranchByName" time="2.112" classname="APITest.GitRepoTest"/>
</testsuite> <!-- Default test -->
