<?xml version="1.0" encoding="UTF-8"?>
<testng-results skipped="0" failed="1" ignored="0" total="10" passed="9">
  <reporter-output>
  </reporter-output>
  <suite name="Suite" duration-ms="67353" started-at="2018-10-25T18:52:46Z" finished-at="2018-10-25T18:53:53Z">
    <groups>
    </groups>
    <test name="Test" duration-ms="67353" started-at="2018-10-25T18:52:46Z" finished-at="2018-10-25T18:53:53Z">
      <class name="com.CognitiveScale.SignUpTest">
        <test-method status="PASS" signature="initializeTestBaseSetup()[pri:0, instance:com.CognitiveScale.SignUpTest@1efbd816]" name="initializeTestBaseSetup" is-config="true" duration-ms="8276" started-at="2018-10-25T18:52:46Z" finished-at="2018-10-25T18:52:54Z">
          <reporter-output>
          </reporter-output>
        </test-method> <!-- initializeTestBaseSetup -->
        <test-method status="PASS" signature="createSignUp(java.lang.String, java.lang.String, java.lang.String, java.lang.String, java.lang.String)[pri:0, instance:com.CognitiveScale.SignUpTest@1efbd816]" name="createSignUp" duration-ms="5134" started-at="2018-10-25T18:52:54Z" data-provider="Authentication" finished-at="2018-10-25T18:53:00Z">
          <params>
            <param index="0">
              <value>
                <![CDATA[Create signup with existing UserID]]>
              </value>
            </param>
            <param index="1">
              <value>
                <![CDATA[abc123]]>
              </value>
            </param>
            <param index="2">
              <value>
                <![CDATA[qweasd198]]>
              </value>
            </param>
            <param index="3">
              <value>
                <![CDATA[qweasd198]]>
              </value>
            </param>
            <param index="4">
              <value>
                <![CDATA[Login is already taken]]>
              </value>
            </param>
          </params>
          <reporter-output>
          </reporter-output>
        </test-method> <!-- createSignUp -->
        <test-method status="PASS" signature="createSignUp(java.lang.String, java.lang.String, java.lang.String, java.lang.String, java.lang.String)[pri:0, instance:com.CognitiveScale.SignUpTest@1efbd816]" name="createSignUp" duration-ms="4445" started-at="2018-10-25T18:53:00Z" data-provider="Authentication" finished-at="2018-10-25T18:53:04Z">
          <params>
            <param index="0">
              <value>
                <![CDATA[Create signup with Invalid/Existing email]]>
              </value>
            </param>
            <param index="1">
              <value>
                <![CDATA[qweasd198]]>
              </value>
            </param>
            <param index="2">
              <value>
                <![CDATA[abc123@gmail.com]]>
              </value>
            </param>
            <param index="3">
              <value>
                <![CDATA[qweasd198]]>
              </value>
            </param>
            <param index="4">
              <value>
                <![CDATA[Email is invalid or already taken]]>
              </value>
            </param>
          </params>
          <reporter-output>
          </reporter-output>
        </test-method> <!-- createSignUp -->
        <test-method status="PASS" signature="createSignUp(java.lang.String, java.lang.String, java.lang.String, java.lang.String, java.lang.String)[pri:0, instance:com.CognitiveScale.SignUpTest@1efbd816]" name="createSignUp" duration-ms="12694" started-at="2018-10-25T18:53:04Z" data-provider="Authentication" finished-at="2018-10-25T18:53:17Z">
          <params>
            <param index="0">
              <value>
                <![CDATA[Create signup with password contains only alphabets]]>
              </value>
            </param>
            <param index="1">
              <value>
                <![CDATA[qweasd198]]>
              </value>
            </param>
            <param index="2">
              <value>
                <![CDATA[qweasd198@gmail.com]]>
              </value>
            </param>
            <param index="3">
              <value>
                <![CDATA[abcdefg]]>
              </value>
            </param>
            <param index="4">
              <value>
                <![CDATA[Password needs at least one number]]>
              </value>
            </param>
          </params>
          <reporter-output>
          </reporter-output>
        </test-method> <!-- createSignUp -->
        <test-method status="PASS" signature="createSignUp(java.lang.String, java.lang.String, java.lang.String, java.lang.String, java.lang.String)[pri:0, instance:com.CognitiveScale.SignUpTest@1efbd816]" name="createSignUp" duration-ms="9037" started-at="2018-10-25T18:53:17Z" data-provider="Authentication" finished-at="2018-10-25T18:53:26Z">
          <params>
            <param index="0">
              <value>
                <![CDATA[Create signup with password contains only numbers]]>
              </value>
            </param>
            <param index="1">
              <value>
                <![CDATA[qweasd198]]>
              </value>
            </param>
            <param index="2">
              <value>
                <![CDATA[qweasd198@gmail.com]]>
              </value>
            </param>
            <param index="3">
              <value>
                <![CDATA[2132132]]>
              </value>
            </param>
            <param index="4">
              <value>
                <![CDATA[Password needs at least one lowercase letter]]>
              </value>
            </param>
          </params>
          <reporter-output>
          </reporter-output>
        </test-method> <!-- createSignUp -->
        <test-method status="PASS" signature="createSignUp(java.lang.String, java.lang.String, java.lang.String, java.lang.String, java.lang.String)[pri:0, instance:com.CognitiveScale.SignUpTest@1efbd816]" name="createSignUp" duration-ms="2643" started-at="2018-10-25T18:53:26Z" data-provider="Authentication" finished-at="2018-10-25T18:53:28Z">
          <params>
            <param index="0">
              <value>
                <![CDATA[Create signup without password]]>
              </value>
            </param>
            <param index="1">
              <value>
                <![CDATA[qweasd198]]>
              </value>
            </param>
            <param index="2">
              <value>
                <![CDATA[qweasd198@gmail.com]]>
              </value>
            </param>
            <param index="3">
              <value>
                <![CDATA[]]>
              </value>
            </param>
            <param index="4">
              <value>
                <![CDATA[]]>
              </value>
            </param>
          </params>
          <reporter-output>
          </reporter-output>
        </test-method> <!-- createSignUp -->
        <test-method status="PASS" signature="createSignUp(java.lang.String, java.lang.String, java.lang.String, java.lang.String, java.lang.String)[pri:0, instance:com.CognitiveScale.SignUpTest@1efbd816]" name="createSignUp" duration-ms="2483" started-at="2018-10-25T18:53:28Z" data-provider="Authentication" finished-at="2018-10-25T18:53:31Z">
          <params>
            <param index="0">
              <value>
                <![CDATA[Create signup without username]]>
              </value>
            </param>
            <param index="1">
              <value>
                <![CDATA[]]>
              </value>
            </param>
            <param index="2">
              <value>
                <![CDATA[qweasd198@gmail.com]]>
              </value>
            </param>
            <param index="3">
              <value>
                <![CDATA[qweasd198]]>
              </value>
            </param>
            <param index="4">
              <value>
                <![CDATA[]]>
              </value>
            </param>
          </params>
          <reporter-output>
          </reporter-output>
        </test-method> <!-- createSignUp -->
        <test-method status="PASS" signature="createSignUp(java.lang.String, java.lang.String, java.lang.String, java.lang.String, java.lang.String)[pri:0, instance:com.CognitiveScale.SignUpTest@1efbd816]" name="createSignUp" duration-ms="2518" started-at="2018-10-25T18:53:31Z" data-provider="Authentication" finished-at="2018-10-25T18:53:33Z">
          <params>
            <param index="0">
              <value>
                <![CDATA[Create signup without email]]>
              </value>
            </param>
            <param index="1">
              <value>
                <![CDATA[qweasd198]]>
              </value>
            </param>
            <param index="2">
              <value>
                <![CDATA[]]>
              </value>
            </param>
            <param index="3">
              <value>
                <![CDATA[qweasd198]]>
              </value>
            </param>
            <param index="4">
              <value>
                <![CDATA[]]>
              </value>
            </param>
          </params>
          <reporter-output>
          </reporter-output>
        </test-method> <!-- createSignUp -->
        <test-method status="PASS" signature="createSignUp(java.lang.String, java.lang.String, java.lang.String, java.lang.String, java.lang.String)[pri:0, instance:com.CognitiveScale.SignUpTest@1efbd816]" name="createSignUp" duration-ms="3998" started-at="2018-10-25T18:53:33Z" data-provider="Authentication" finished-at="2018-10-25T18:53:37Z">
          <params>
            <param index="0">
              <value>
                <![CDATA[Create signup with valid user& pwd as same as username with valid email]]>
              </value>
            </param>
            <param index="1">
              <value>
                <![CDATA[qweasdz198]]>
              </value>
            </param>
            <param index="2">
              <value>
                <![CDATA[qweasd198@gmail.com]]>
              </value>
            </param>
            <param index="3">
              <value>
                <![CDATA[qweasd198]]>
              </value>
            </param>
            <param index="4">
              <value>
                <![CDATA[Password can't be your username]]>
              </value>
            </param>
          </params>
          <reporter-output>
          </reporter-output>
        </test-method> <!-- createSignUp -->
        <test-method status="PASS" signature="createSignUp(java.lang.String, java.lang.String, java.lang.String, java.lang.String, java.lang.String)[pri:0, instance:com.CognitiveScale.SignUpTest@1efbd816]" name="createSignUp" duration-ms="4301" started-at="2018-10-25T18:53:37Z" data-provider="Authentication" finished-at="2018-10-25T18:53:42Z">
          <params>
            <param index="0">
              <value>
                <![CDATA[Create signup with valid user,email & pwd]]>
              </value>
            </param>
            <param index="1">
              <value>
                <![CDATA[qweasdz198]]>
              </value>
            </param>
            <param index="2">
              <value>
                <![CDATA[qweasd198@gmail.com]]>
              </value>
            </param>
            <param index="3">
              <value>
                <![CDATA[testasd123]]>
              </value>
            </param>
            <param index="4">
              <value>
                <![CDATA[]]>
              </value>
            </param>
          </params>
          <reporter-output>
          </reporter-output>
        </test-method> <!-- createSignUp -->
        <test-method status="FAIL" signature="validSignup()[pri:1, instance:com.CognitiveScale.SignUpTest@1efbd816]" name="validSignup" duration-ms="10186" started-at="2018-10-25T18:53:42Z" finished-at="2018-10-25T18:53:52Z">
          <exception class="org.openqa.selenium.NoSuchElementException">
            <message>
              <![CDATA[no such element: Unable to locate element: {"method":"link text","selector":"skip this step"}
  (Session info: chrome=70.0.3538.77)
  (Driver info: chromedriver=2.41.578737 (49da6702b16031c40d63e5618de03a32ff6c197e),platform=Windows NT 10.0.15063 x86_64) (WARNING: The server did not provide any stacktrace information)
Command duration or timeout: 0 milliseconds
For documentation on this error, please visit: http://seleniumhq.org/exceptions/no_such_element.html
Build info: version: '3.14.0', revision: 'aacccce0', time: '2018-08-02T20:19:58.91Z'
System info: host: 'INENKAKARCL1C', ip: '10.0.75.1', os.name: 'Windows 10', os.arch: 'amd64', os.version: '10.0', java.version: '1.8.0_121'
Driver info: org.openqa.selenium.chrome.ChromeDriver
Capabilities {acceptInsecureCerts: false, acceptSslCerts: false, applicationCacheEnabled: false, browserConnectionEnabled: false, browserName: chrome, chrome: {chromedriverVersion: 2.41.578737 (49da6702b16031..., userDataDir: C:\Users\kakarc\AppData\Loc...}, cssSelectorsEnabled: true, databaseEnabled: false, goog:chromeOptions: {debuggerAddress: localhost:63988}, handlesAlerts: true, hasTouchScreen: false, javascriptEnabled: true, locationContextEnabled: true, mobileEmulationEnabled: false, nativeEvents: true, networkConnectionEnabled: false, pageLoadStrategy: normal, platform: XP, platformName: XP, rotatable: false, setWindowRect: true, takesHeapSnapshot: true, takesScreenshot: true, unexpectedAlertBehaviour: , unhandledPromptBehavior: , version: 70.0.3538.77, webStorageEnabled: true}
Session ID: bad3d328e4ec48c76be2b89be56339ba
*** Element info: {Using=link text, value=skip this step}]]>
            </message>
            <full-stacktrace>
              <![CDATA[org.openqa.selenium.NoSuchElementException: no such element: Unable to locate element: {"method":"link text","selector":"skip this step"}
  (Session info: chrome=70.0.3538.77)
  (Driver info: chromedriver=2.41.578737 (49da6702b16031c40d63e5618de03a32ff6c197e),platform=Windows NT 10.0.15063 x86_64) (WARNING: The server did not provide any stacktrace information)
Command duration or timeout: 0 milliseconds
For documentation on this error, please visit: http://seleniumhq.org/exceptions/no_such_element.html
Build info: version: '3.14.0', revision: 'aacccce0', time: '2018-08-02T20:19:58.91Z'
System info: host: 'INENKAKARCL1C', ip: '10.0.75.1', os.name: 'Windows 10', os.arch: 'amd64', os.version: '10.0', java.version: '1.8.0_121'
Driver info: org.openqa.selenium.chrome.ChromeDriver
Capabilities {acceptInsecureCerts: false, acceptSslCerts: false, applicationCacheEnabled: false, browserConnectionEnabled: false, browserName: chrome, chrome: {chromedriverVersion: 2.41.578737 (49da6702b16031..., userDataDir: C:\Users\kakarc\AppData\Loc...}, cssSelectorsEnabled: true, databaseEnabled: false, goog:chromeOptions: {debuggerAddress: localhost:63988}, handlesAlerts: true, hasTouchScreen: false, javascriptEnabled: true, locationContextEnabled: true, mobileEmulationEnabled: false, nativeEvents: true, networkConnectionEnabled: false, pageLoadStrategy: normal, platform: XP, platformName: XP, rotatable: false, setWindowRect: true, takesHeapSnapshot: true, takesScreenshot: true, unexpectedAlertBehaviour: , unhandledPromptBehavior: , version: 70.0.3538.77, webStorageEnabled: true}
Session ID: bad3d328e4ec48c76be2b89be56339ba
*** Element info: {Using=link text, value=skip this step}
at sun.reflect.NativeConstructorAccessorImpl.newInstance0(Native Method)
at sun.reflect.NativeConstructorAccessorImpl.newInstance(NativeConstructorAccessorImpl.java:62)
at sun.reflect.DelegatingConstructorAccessorImpl.newInstance(DelegatingConstructorAccessorImpl.java:45)
at java.lang.reflect.Constructor.newInstance(Constructor.java:423)
at org.openqa.selenium.remote.ErrorHandler.createThrowable(ErrorHandler.java:214)
at org.openqa.selenium.remote.ErrorHandler.throwIfResponseFailed(ErrorHandler.java:166)
at org.openqa.selenium.remote.http.JsonHttpResponseCodec.reconstructValue(JsonHttpResponseCodec.java:40)
at org.openqa.selenium.remote.http.AbstractHttpResponseCodec.decode(AbstractHttpResponseCodec.java:80)
at org.openqa.selenium.remote.http.AbstractHttpResponseCodec.decode(AbstractHttpResponseCodec.java:44)
at org.openqa.selenium.remote.HttpCommandExecutor.execute(HttpCommandExecutor.java:158)
at org.openqa.selenium.remote.service.DriverCommandExecutor.execute(DriverCommandExecutor.java:83)
at org.openqa.selenium.remote.RemoteWebDriver.execute(RemoteWebDriver.java:548)
at org.openqa.selenium.remote.RemoteWebDriver.findElement(RemoteWebDriver.java:322)
at org.openqa.selenium.remote.RemoteWebDriver.findElementByLinkText(RemoteWebDriver.java:376)
at org.openqa.selenium.By$ByLinkText.findElement(By.java:220)
at org.openqa.selenium.remote.RemoteWebDriver.findElement(RemoteWebDriver.java:314)
at org.openqa.selenium.support.pagefactory.DefaultElementLocator.findElement(DefaultElementLocator.java:69)
at org.openqa.selenium.support.pagefactory.internal.LocatingElementHandler.invoke(LocatingElementHandler.java:38)
at com.sun.proxy.$Proxy8.click(Unknown Source)
at projUtility.SignUpPage.skipStep(SignUpPage.java:86)
at com.CognitiveScale.SignUpTest.validSignup(SignUpTest.java:65)
at sun.reflect.NativeMethodAccessorImpl.invoke0(Native Method)
at sun.reflect.NativeMethodAccessorImpl.invoke(NativeMethodAccessorImpl.java:62)
at sun.reflect.DelegatingMethodAccessorImpl.invoke(DelegatingMethodAccessorImpl.java:43)
at java.lang.reflect.Method.invoke(Method.java:498)
at org.testng.internal.MethodInvocationHelper.invokeMethod(MethodInvocationHelper.java:124)
at org.testng.internal.Invoker.invokeMethod(Invoker.java:580)
at org.testng.internal.Invoker.invokeTestMethod(Invoker.java:716)
at org.testng.internal.Invoker.invokeTestMethods(Invoker.java:988)
at org.testng.internal.TestMethodWorker.invokeTestMethods(TestMethodWorker.java:125)
at org.testng.internal.TestMethodWorker.run(TestMethodWorker.java:109)
at org.testng.TestRunner.privateRun(TestRunner.java:648)
at org.testng.TestRunner.run(TestRunner.java:505)
at org.testng.SuiteRunner.runTest(SuiteRunner.java:455)
at org.testng.SuiteRunner.runSequentially(SuiteRunner.java:450)
at org.testng.SuiteRunner.privateRun(SuiteRunner.java:415)
at org.testng.SuiteRunner.run(SuiteRunner.java:364)
at org.testng.SuiteRunnerWorker.runSuite(SuiteRunnerWorker.java:52)
at org.testng.SuiteRunnerWorker.run(SuiteRunnerWorker.java:84)
at org.testng.TestNG.runSuitesSequentially(TestNG.java:1208)
at org.testng.TestNG.runSuitesLocally(TestNG.java:1137)
at org.testng.TestNG.runSuites(TestNG.java:1049)
at org.testng.TestNG.run(TestNG.java:1017)
at org.apache.maven.surefire.testng.TestNGExecutor.run(TestNGExecutor.java:178)
at org.apache.maven.surefire.testng.TestNGXmlTestSuite.execute(TestNGXmlTestSuite.java:92)
at org.apache.maven.surefire.testng.TestNGProvider.invoke(TestNGProvider.java:96)
at sun.reflect.NativeMethodAccessorImpl.invoke0(Native Method)
at sun.reflect.NativeMethodAccessorImpl.invoke(NativeMethodAccessorImpl.java:62)
at sun.reflect.DelegatingMethodAccessorImpl.invoke(DelegatingMethodAccessorImpl.java:43)
at java.lang.reflect.Method.invoke(Method.java:498)
at org.apache.maven.surefire.util.ReflectionUtils.invokeMethodWithArray(ReflectionUtils.java:189)
at org.apache.maven.surefire.booter.ProviderFactory$ProviderProxy.invoke(ProviderFactory.java:165)
at org.apache.maven.surefire.booter.ProviderFactory.invokeProvider(ProviderFactory.java:85)
at org.apache.maven.surefire.booter.ForkedBooter.runSuitesInProcess(ForkedBooter.java:115)
at org.apache.maven.surefire.booter.ForkedBooter.main(ForkedBooter.java:75)
]]>
            </full-stacktrace>
          </exception> <!-- org.openqa.selenium.NoSuchElementException -->
          <reporter-output>
          </reporter-output>
        </test-method> <!-- validSignup -->
        <test-method status="PASS" signature="closeBrowser()[pri:0, instance:com.CognitiveScale.SignUpTest@1efbd816]" name="closeBrowser" is-config="true" duration-ms="120" started-at="2018-10-25T18:53:53Z" finished-at="2018-10-25T18:53:53Z">
          <reporter-output>
          </reporter-output>
        </test-method> <!-- closeBrowser -->
      </class> <!-- com.CognitiveScale.SignUpTest -->
    </test> <!-- Test -->
  </suite> <!-- Suite -->
</testng-results>
