<?xml version="1.0" encoding="UTF-8"?>
<testng-results skipped="0" failed="0" ignored="0" total="5" passed="5">
  <reporter-output>
  </reporter-output>
  <suite name="Suite" duration-ms="9206" started-at="2018-11-08T16:30:37Z" finished-at="2018-11-08T16:30:46Z">
    <groups>
    </groups>
    <test name="Test" duration-ms="9206" started-at="2018-11-08T16:30:37Z" finished-at="2018-11-08T16:30:46Z">
      <class name="APITest.GitRepoTest">
        <test-method status="PASS" signature="setUp()[pri:0, instance:APITest.GitRepoTest@13805618]" name="setUp" is-config="true" duration-ms="721" started-at="2018-11-08T16:30:37Z" finished-at="2018-11-08T16:30:37Z">
          <reporter-output>
          </reporter-output>
        </test-method> <!-- setUp -->
        <test-method status="PASS" signature="fetchBranchData(java.lang.String)[pri:0, instance:APITest.GitRepoTest@13805618]" name="fetchBranchData" duration-ms="3470" started-at="2018-11-08T16:30:37Z" data-provider="FetchBranchdetails" finished-at="2018-11-08T16:30:41Z">
          <params>
            <param index="0">
              <value>
                <![CDATA[name]]>
              </value>
            </param>
          </params>
          <reporter-output>
          </reporter-output>
        </test-method> <!-- fetchBranchData -->
        <test-method status="PASS" signature="fetchBranchData(java.lang.String)[pri:0, instance:APITest.GitRepoTest@13805618]" name="fetchBranchData" duration-ms="1214" started-at="2018-11-08T16:30:41Z" data-provider="FetchBranchdetails" finished-at="2018-11-08T16:30:42Z">
          <params>
            <param index="0">
              <value>
                <![CDATA[commit.sha]]>
              </value>
            </param>
          </params>
          <reporter-output>
          </reporter-output>
        </test-method> <!-- fetchBranchData -->
        <test-method status="PASS" signature="fetchBranchData(java.lang.String)[pri:0, instance:APITest.GitRepoTest@13805618]" name="fetchBranchData" duration-ms="1199" started-at="2018-11-08T16:30:42Z" data-provider="FetchBranchdetails" finished-at="2018-11-08T16:30:43Z">
          <params>
            <param index="0">
              <value>
                <![CDATA[commit.url]]>
              </value>
            </param>
          </params>
          <reporter-output>
          </reporter-output>
        </test-method> <!-- fetchBranchData -->
        <test-method status="PASS" signature="fetchBranchName()[pri:1, instance:APITest.GitRepoTest@13805618]" name="fetchBranchName" duration-ms="1206" started-at="2018-11-08T16:30:43Z" finished-at="2018-11-08T16:30:45Z">
          <reporter-output>
          </reporter-output>
        </test-method> <!-- fetchBranchName -->
        <test-method status="PASS" signature="fetchBranchByName()[pri:0, instance:APITest.GitRepoTest@13805618]" name="fetchBranchByName" duration-ms="1276" started-at="2018-11-08T16:30:45Z" depends-on-methods="APITest.GitRepoTest.fetchBranchName" finished-at="2018-11-08T16:30:46Z">
          <reporter-output>
          </reporter-output>
        </test-method> <!-- fetchBranchByName -->
        <test-method status="PASS" signature="tearDown()[pri:0, instance:APITest.GitRepoTest@13805618]" name="tearDown" is-config="true" duration-ms="0" started-at="2018-11-08T16:30:46Z" finished-at="2018-11-08T16:30:46Z">
          <reporter-output>
          </reporter-output>
        </test-method> <!-- tearDown -->
      </class> <!-- APITest.GitRepoTest -->
    </test> <!-- Test -->
  </suite> <!-- Suite -->
</testng-results>
